  Utilities.cpp
  SearchFactory.cpp
  SearchBreadthFirst.cpp
  SearchAStar.cpp
  MapIO.cpp
d:\users\tcrosby\documents\github\ai-pathfinding\ai assignment\mapio.cpp(80): warning C4018: '<': signed/unsigned mismatch
d:\users\tcrosby\documents\github\ai-pathfinding\ai assignment\mapio.cpp(82): warning C4018: '<': signed/unsigned mismatch
d:\users\tcrosby\documents\github\ai-pathfinding\ai assignment\mapio.cpp(87): warning C4244: 'argument': conversion from 'int' to 'const float', possible loss of data
d:\users\tcrosby\documents\github\ai-pathfinding\ai assignment\mapio.cpp(91): warning C4244: 'argument': conversion from 'int' to 'const float', possible loss of data
d:\users\tcrosby\documents\github\ai-pathfinding\ai assignment\mapio.cpp(95): warning C4244: 'argument': conversion from 'int' to 'const float', possible loss of data
d:\users\tcrosby\documents\github\ai-pathfinding\ai assignment\mapio.cpp(99): warning C4244: 'argument': conversion from 'int' to 'const float', possible loss of data
d:\users\tcrosby\documents\github\ai-pathfinding\ai assignment\mapio.cpp(130): warning C4018: '<': signed/unsigned mismatch
d:\users\tcrosby\documents\github\ai-pathfinding\ai assignment\mapio.cpp(132): warning C4018: '<': signed/unsigned mismatch
  AI Assignment.cpp
  Generating Code...
d:\users\tcrosby\documents\github\ai-pathfinding\ai assignment\searchfactory.cpp(37): warning C4715: 'NewSearch': not all control paths return a value
d:\users\tcrosby\documents\github\ai-pathfinding\ai assignment\utilities.cpp(76): warning C4715: 'Transfer': not all control paths return a value
d:\users\tcrosby\documents\github\ai-pathfinding\ai assignment\utilities.cpp(122): warning C4715: 'getNScore': not all control paths return a value
TL-Engine2017Debug.lib(TL-Engine.obj) : warning LNK4099: PDB 'TL-Engine.pdb' was not found with 'TL-Engine2017Debug.lib(TL-Engine.obj)' or at 'D:\Users\tcrosby\Documents\GitHub\AI-pathfinding\AI Assignment\TL-Engine.pdb'; linking object as if no debug info
TL-Engine2017Debug.lib(Errors.obj) : warning LNK4099: PDB 'Common.pdb' was not found with 'TL-Engine2017Debug.lib(Errors.obj)' or at 'D:\Users\tcrosby\Documents\GitHub\AI-pathfinding\AI Assignment\Common.pdb'; linking object as if no debug info
TL-Engine2017Debug.lib(TLXSprite.obj) : warning LNK4099: PDB '3DEngine.pdb' was not found with 'TL-Engine2017Debug.lib(TLXSprite.obj)' or at 'D:\Users\tcrosby\Documents\GitHub\AI-pathfinding\AI Assignment\3DEngine.pdb'; linking object as if no debug info
TL-Engine2017Debug.lib(TLXSceneNode.obj) : warning LNK4099: PDB '3DEngine.pdb' was not found with 'TL-Engine2017Debug.lib(TLXSceneNode.obj)' or at 'D:\Users\tcrosby\Documents\GitHub\AI-pathfinding\AI Assignment\3DEngine.pdb'; linking object as if no debug info
TL-Engine2017Debug.lib(TLXModelNode.obj) : warning LNK4099: PDB '3DEngine.pdb' was not found with 'TL-Engine2017Debug.lib(TLXModelNode.obj)' or at 'D:\Users\tcrosby\Documents\GitHub\AI-pathfinding\AI Assignment\3DEngine.pdb'; linking object as if no debug info
TL-Engine2017Debug.lib(TLXModel.obj) : warning LNK4099: PDB '3DEngine.pdb' was not found with 'TL-Engine2017Debug.lib(TLXModel.obj)' or at 'D:\Users\tcrosby\Documents\GitHub\AI-pathfinding\AI Assignment\3DEngine.pdb'; linking object as if no debug info
TL-Engine2017Debug.lib(TLXMesh.obj) : warning LNK4099: PDB '3DEngine.pdb' was not found with 'TL-Engine2017Debug.lib(TLXMesh.obj)' or at 'D:\Users\tcrosby\Documents\GitHub\AI-pathfinding\AI Assignment\3DEngine.pdb'; linking object as if no debug info
TL-Engine2017Debug.lib(TLXLight.obj) : warning LNK4099: PDB '3DEngine.pdb' was not found with 'TL-Engine2017Debug.lib(TLXLight.obj)' or at 'D:\Users\tcrosby\Documents\GitHub\AI-pathfinding\AI Assignment\3DEngine.pdb'; linking object as if no debug info
TL-Engine2017Debug.lib(TLXFont.obj) : warning LNK4099: PDB '3DEngine.pdb' was not found with 'TL-Engine2017Debug.lib(TLXFont.obj)' or at 'D:\Users\tcrosby\Documents\GitHub\AI-pathfinding\AI Assignment\3DEngine.pdb'; linking object as if no debug info
TL-Engine2017Debug.lib(TLXEngine.obj) : warning LNK4099: PDB '3DEngine.pdb' was not found with 'TL-Engine2017Debug.lib(TLXEngine.obj)' or at 'D:\Users\tcrosby\Documents\GitHub\AI-pathfinding\AI Assignment\3DEngine.pdb'; linking object as if no debug info
TL-Engine2017Debug.lib(TLXCamera.obj) : warning LNK4099: PDB '3DEngine.pdb' was not found with 'TL-Engine2017Debug.lib(TLXCamera.obj)' or at 'D:\Users\tcrosby\Documents\GitHub\AI-pathfinding\AI Assignment\3DEngine.pdb'; linking object as if no debug info
TL-Engine2017Debug.lib(IrrlichtSceneNode.obj) : warning LNK4099: PDB '3DEngine.pdb' was not found with 'TL-Engine2017Debug.lib(IrrlichtSceneNode.obj)' or at 'D:\Users\tcrosby\Documents\GitHub\AI-pathfinding\AI Assignment\3DEngine.pdb'; linking object as if no debug info
TL-Engine2017Debug.lib(IrrlichtModel.obj) : warning LNK4099: PDB '3DEngine.pdb' was not found with 'TL-Engine2017Debug.lib(IrrlichtModel.obj)' or at 'D:\Users\tcrosby\Documents\GitHub\AI-pathfinding\AI Assignment\3DEngine.pdb'; linking object as if no debug info
TL-Engine2017Debug.lib(IrrlichtMesh.obj) : warning LNK4099: PDB '3DEngine.pdb' was not found with 'TL-Engine2017Debug.lib(IrrlichtMesh.obj)' or at 'D:\Users\tcrosby\Documents\GitHub\AI-pathfinding\AI Assignment\3DEngine.pdb'; linking object as if no debug info
TL-Engine2017Debug.lib(IrrlichtLight.obj) : warning LNK4099: PDB '3DEngine.pdb' was not found with 'TL-Engine2017Debug.lib(IrrlichtLight.obj)' or at 'D:\Users\tcrosby\Documents\GitHub\AI-pathfinding\AI Assignment\3DEngine.pdb'; linking object as if no debug info
TL-Engine2017Debug.lib(IrrlichtInput.obj) : warning LNK4099: PDB '3DEngine.pdb' was not found with 'TL-Engine2017Debug.lib(IrrlichtInput.obj)' or at 'D:\Users\tcrosby\Documents\GitHub\AI-pathfinding\AI Assignment\3DEngine.pdb'; linking object as if no debug info
TL-Engine2017Debug.lib(IrrlichtFont.obj) : warning LNK4099: PDB '3DEngine.pdb' was not found with 'TL-Engine2017Debug.lib(IrrlichtFont.obj)' or at 'D:\Users\tcrosby\Documents\GitHub\AI-pathfinding\AI Assignment\3DEngine.pdb'; linking object as if no debug info
TL-Engine2017Debug.lib(IrrlichtEngine.obj) : warning LNK4099: PDB '3DEngine.pdb' was not found with 'TL-Engine2017Debug.lib(IrrlichtEngine.obj)' or at 'D:\Users\tcrosby\Documents\GitHub\AI-pathfinding\AI Assignment\3DEngine.pdb'; linking object as if no debug info
TL-Engine2017Debug.lib(IrrlichtCamera.obj) : warning LNK4099: PDB '3DEngine.pdb' was not found with 'TL-Engine2017Debug.lib(IrrlichtCamera.obj)' or at 'D:\Users\tcrosby\Documents\GitHub\AI-pathfinding\AI Assignment\3DEngine.pdb'; linking object as if no debug info
  AI Assignment.vcxproj -> D:\Users\tcrosby\Documents\GitHub\AI-pathfinding\AI Assignment\\AI AssignmentDebug.exe
  AI Assignment.vcxproj -> D:\Users\tcrosby\Documents\GitHub\AI-pathfinding\AI Assignment\\AI Assignment.pdb (Full PDB)
