c:\users\tom\documents\github\ai-pathfinding\ai assignment\debug\vc141.pdb
c:\users\tom\documents\github\ai-pathfinding\ai assignment\debug\vc141.idb
c:\users\tom\documents\github\ai-pathfinding\ai assignment\debug\ai assignment.obj
c:\users\tom\documents\github\ai-pathfinding\ai assignment\debug\mapio.obj
c:\users\tom\documents\github\ai-pathfinding\ai assignment\debug\searchastar.obj
c:\users\tom\documents\github\ai-pathfinding\ai assignment\debug\searchbreadthfirst.obj
c:\users\tom\documents\github\ai-pathfinding\ai assignment\debug\searchfactory.obj
c:\users\tom\documents\github\ai-pathfinding\ai assignment\debug\utilities.obj
c:\users\tom\documents\github\ai-pathfinding\ai assignment\ai assignmentdebug.exe
c:\users\tom\documents\github\ai-pathfinding\ai assignment\ai assignmentdebug.ilk
c:\users\tom\documents\github\ai-pathfinding\ai assignment\ai assignment.pdb
c:\users\tom\documents\github\ai-pathfinding\ai assignment\debug\searchastar.obj.enc
c:\users\tom\documents\github\ai-pathfinding\ai assignment\\ai assignmentdebug.exe
c:\users\tom\documents\github\ai-pathfinding\ai assignment\\ai assignmentdebug.ilk
c:\users\tom\documents\github\ai-pathfinding\ai assignment\debug\ai assignment.tlog\cl.command.1.tlog
c:\users\tom\documents\github\ai-pathfinding\ai assignment\debug\ai assignment.tlog\cl.read.1.tlog
c:\users\tom\documents\github\ai-pathfinding\ai assignment\debug\ai assignment.tlog\cl.write.1.tlog
c:\users\tom\documents\github\ai-pathfinding\ai assignment\debug\ai assignment.tlog\link.command.1.tlog
c:\users\tom\documents\github\ai-pathfinding\ai assignment\debug\ai assignment.tlog\link.read.1.tlog
c:\users\tom\documents\github\ai-pathfinding\ai assignment\debug\ai assignment.tlog\link.write.1.tlog
